6.2826 	INFO 	Loaded monitor calibration from ['2025_02_13 22:41']
6.3158 	WARNING 	User requested fullscreen with size [1024  768], but screen is actually [1920, 1080]. Using actual size
6.6466 	EXP 	Created window1 = Window(allowGUI=False, allowStencil=False, autoLog=True, backendConf=UNKNOWN, backgroundFit=<method-wrapper '__getattribute__' of attributeSetter object at 0x00000190A16F8970>, backgroundImage=<method-wrapper '__getattribute__' of attributeSetter object at 0x00000190A16F8910>, bitsMode=UNKNOWN, blendMode='avg', bpc=(8, 8, 8), color=array([0, 0, 0]), colorSpace='rgb', depthBits=8, fullscr=True, gamma=None, gammaErrorPolicy='raise', infoMsg=UNKNOWN, lms=UNKNOWN, monitor=<psychopy.monitors.calibTools.Monitor object at 0x00000190A173AD90>, multiSample=False, name='window1', numSamples=2, pos=[0.0, 0.0], screen=0, size=array([1920, 1080]), stencilBits=0, stereo=False, title='PsychoPy', units='height', useFBO=True, useRetina=False, viewOri=0.0, viewPos=None, viewScale=None, waitBlanking=True, winType='pyglet')
6.6467 	EXP 	window1: backgroundImage = ''
6.6467 	EXP 	window1: backgroundFit = 'none'
6.7155 	EXP 	window1: Attempting to measure frame rate of screen (0) ...
6.7155 	EXP 	window1: recordFrameIntervals = False
6.9568 	EXP 	window1: recordFrameIntervals = True
7.1393 	EXP 	Screen (0) actual frame rate measured at 60.01Hz
7.1393 	EXP 	window1: recordFrameIntervals = False
9.5870 	INFO 	keyboard.Keyboard is using iohub backend.
9.5870 	INFO 	keyboard.Keyboard is using iohub backend.
9.5871 	EXP 	untitled: status = STARTED
9.6820 	EXP 	Created imageBeforeplay = ImageStim(__class__=<class 'psychopy.visual.image.ImageStim'>, anchor=('center', 'center'), autoLog=True, color=array([1., 1., 1.]), colorSpace='rgb', contrast=1.0, depth=0.0, draggable=False, flipHoriz=False, flipVert=False, image='image/kumnum.png', interpolate=True, mask=None, maskParams=None, name='imageBeforeplay', opacity=1, ori=0.0, pos=array([0., 0.]), size=array([1.78, 1.  ]), texRes=128.0, units='height', win=Window(...))
9.6868 	EXP 	Created image_2 = ImageStim(__class__=<class 'psychopy.visual.image.ImageStim'>, anchor=('center', 'center'), autoLog=True, color=array([1., 1., 1.]), colorSpace='rgb', contrast=1.0, depth=0.0, draggable=False, flipHoriz=False, flipVert=False, image='default.png', interpolate=True, mask=None, maskParams=None, name='image_2', opacity=1, ori=0.0, pos=array([0., 0.]), size=array([0.5, 0.5]), texRes=128.0, units='height', win=Window(...))
9.7756 	EXP 	Created image = ImageStim(__class__=<class 'psychopy.visual.image.ImageStim'>, anchor=('center', 'center'), autoLog=True, color=array([1., 1., 1.]), colorSpace='rgb', contrast=1.0, depth=0.0, draggable=False, flipHoriz=False, flipVert=False, image='image/Screenshot (174).png', interpolate=True, mask=None, maskParams=None, name='image', opacity=1, ori=0.0, pos=array([0., 0.]), size=array([0.5, 0.5]), texRes=128.0, units='height', win=Window(...))
0.0322 	INFO 	Keyboard events cleared
0.0321 	EXP 	imageBeforeplay: autoDraw = True
1.0329 	EXP 	imageBeforeplay: autoDraw = False
7.0979 	EXP 	Imported memory_stim.xlsx as conditions, 42 conditions, 1 params
7.0985 	EXP 	New trial (rep=0, index=0): <Trial 0 (0 in rep 0) data={'Memory_image': 'image/memory4a.png', 'thisN': 0, 'thisTrialN': 0, 'thisRepN': 0}>
7.1796 	DATA 	Keypress: space
7.1953 	EXP 	imageBeforeplay: autoDraw = False
7.1953 	EXP 	image_2: image = 'image/memory4a.png'
7.1953 	EXP 	image_2: autoDraw = True
7.2622 	DATA 	Mouse: Left button down, pos=(1376,561)
7.3627 	DATA 	Mouse:  Left button up, pos=(1376,561)
8.3466 	DATA 	Keypress: space
12.1162 	EXP 	image_2: autoDraw = False
12.1162 	EXP 	image: autoDraw = True
12.6000 	EXP 	New trial (rep=0, index=1): <Trial 1 (1 in rep 0) data={'Memory_image': 'image/memory14a.png', 'thisN': 1, 'thisTrialN': 1, 'thisRepN': 0}>
12.6372 	EXP 	image: autoDraw = False
12.6372 	EXP 	image_2: image = 'image/memory14a.png'
12.6372 	EXP 	image_2: autoDraw = True
14.3231 	DATA 	Keypress: escape
14.4058 	EXP 	untitled: status = STOPPED
14.4221 	EXP 	image_2: autoDraw = False
14.4221 	EXP 	untitled: status = STOPPED
14.4269 	INFO 	saved data to 'C:\\psychopywork\\memory\\data/014531_untitled_2025-05-07_15h30.20.544.csv'
14.4274 	INFO 	saved data to C:\psychopywork\memory\data/014531_untitled_2025-05-07_15h30.20.544.psydat
