5.6847 	INFO 	Loaded monitor calibration from ['2025_02_13 22:41']
5.7103 	WARNING 	User requested fullscreen with size [1024  768], but screen is actually [1920, 1080]. Using actual size
5.9868 	EXP 	Created window1 = Window(allowGUI=False, allowStencil=False, autoLog=True, backendConf=UNKNOWN, backgroundFit=<method-wrapper '__getattribute__' of attributeSetter object at 0x0000023A6F63DB80>, backgroundImage=<method-wrapper '__getattribute__' of attributeSetter object at 0x0000023A6F63DB20>, bitsMode=UNKNOWN, blendMode='avg', bpc=(8, 8, 8), color=array([0, 0, 0]), colorSpace='rgb', depthBits=8, fullscr=True, gamma=None, gammaErrorPolicy='raise', infoMsg=UNKNOWN, lms=UNKNOWN, monitor=<psychopy.monitors.calibTools.Monitor object at 0x0000023A6F5F8FA0>, multiSample=False, name='window1', numSamples=2, pos=[0.0, 0.0], screen=0, size=array([1920, 1080]), stencilBits=0, stereo=False, title='PsychoPy', units='height', useFBO=True, useRetina=False, viewOri=0.0, viewPos=None, viewScale=None, waitBlanking=True, winType='pyglet')
5.9869 	EXP 	window1: backgroundImage = ''
5.9869 	EXP 	window1: backgroundFit = 'none'
6.0504 	EXP 	window1: Attempting to measure frame rate of screen (0) ...
6.0504 	EXP 	window1: recordFrameIntervals = False
6.2889 	EXP 	window1: recordFrameIntervals = True
6.4725 	EXP 	Screen (0) actual frame rate measured at 59.95Hz
6.4725 	EXP 	window1: recordFrameIntervals = False
8.7673 	INFO 	keyboard.Keyboard is using iohub backend.
8.7673 	INFO 	keyboard.Keyboard is using iohub backend.
8.7674 	INFO 	keyboard.Keyboard is using iohub backend.
8.7674 	INFO 	keyboard.Keyboard is using iohub backend.
8.7674 	EXP 	untitled: status = STARTED
8.8583 	EXP 	Created imageBeforeplay = ImageStim(__class__=<class 'psychopy.visual.image.ImageStim'>, anchor=('center', 'center'), autoLog=True, color=array([1., 1., 1.]), colorSpace='rgb', contrast=1.0, depth=0.0, draggable=False, flipHoriz=False, flipVert=False, image='image/kumnum.png', interpolate=True, mask=None, maskParams=None, name='imageBeforeplay', opacity=1, ori=0.0, pos=array([0., 0.]), size=array([1.78, 1.  ]), texRes=128.0, units='height', win=Window(...))
8.9422 	EXP 	Created imagefixation = ImageStim(__class__=<class 'psychopy.visual.image.ImageStim'>, anchor=('center', 'center'), autoLog=True, color=array([1., 1., 1.]), colorSpace='rgb', contrast=1.0, depth=0.0, draggable=False, flipHoriz=False, flipVert=False, image='image/Screenshot (174).png', interpolate=True, mask=None, maskParams=None, name='imagefixation', opacity=1, ori=0.0, pos=array([0., 0.]), size=array([1.78, 1.  ]), texRes=128.0, units='height', win=Window(...))
8.9521 	EXP 	Created image_2 = ImageStim(__class__=<class 'psychopy.visual.image.ImageStim'>, anchor=('center', 'center'), autoLog=True, color=array([1., 1., 1.]), colorSpace='rgb', contrast=1.0, depth=0.0, draggable=False, flipHoriz=False, flipVert=False, image='default.png', interpolate=True, mask=None, maskParams=None, name='image_2', opacity=1, ori=0.0, pos=array([0., 0.]), size=array([1.78, 1.  ]), texRes=128.0, units='height', win=Window(...))
8.9559 	EXP 	Created imaganswer = ImageStim(__class__=<class 'psychopy.visual.image.ImageStim'>, anchor=('center', 'center'), autoLog=True, color=array([1., 1., 1.]), colorSpace='rgb', contrast=1.0, depth=0.0, draggable=False, flipHoriz=False, flipVert=False, image='default.png', interpolate=True, mask=None, maskParams=None, name='imaganswer', opacity=1, ori=0.0, pos=array([0., 0.]), size=array([1.78, 1.  ]), texRes=128.0, units='height', win=Window(...))
0.0204 	INFO 	Keyboard events cleared
0.0202 	EXP 	imageBeforeplay: autoDraw = True
2.1225 	EXP 	Imported memory_stim.xlsx as conditions, 30 conditions, 3 params
2.1228 	EXP 	New trial (rep=0, index=0): <Trial 0 (0 in rep 0) data={'Memory_image': 'image/memory1.png', 'answer_key': 3, 'answer_image': 'image/memory1a.png', 'thisN': 0, 'thisTrialN': 0, 'thisRepN': 0}>
2.1239 	DATA 	Keypress: space
2.1299 	EXP 	imageBeforeplay: autoDraw = False
2.1299 	EXP 	imagefixation: autoDraw = True
2.6953 	INFO 	Keyboard events cleared
2.6951 	EXP 	imagefixation: autoDraw = False
2.6951 	EXP 	imagefixation: autoDraw = False
2.6951 	EXP 	image_2: image = 'image/memory1.png'
2.6951 	EXP 	image_2: autoDraw = True
3.9636 	DATA 	Keypress: escape
4.0634 	EXP 	untitled: status = STOPPED
4.0796 	EXP 	image_2: autoDraw = False
4.0796 	EXP 	untitled: status = STOPPED
4.0840 	INFO 	saved data to 'C:\\Users\\pat\\OneDrive\\Desktop\\memory\\data/017656_untitled_2025-05-31_16h09.09.787.csv'
4.0846 	INFO 	saved data to C:\Users\pat\OneDrive\Desktop\memory\data/017656_untitled_2025-05-31_16h09.09.787.psydat
