4.9950 	INFO 	Loaded monitor calibration from ['2025_02_13 22:41']
5.0117 	WARNING 	User requested fullscreen with size [1024  768], but screen is actually [1920, 1080]. Using actual size
5.1452 	EXP 	Created window1 = Window(allowGUI=False, allowStencil=False, autoLog=True, backendConf=UNKNOWN, backgroundFit=<method-wrapper '__getattribute__' of attributeSetter object at 0x00000221248ADAF0>, backgroundImage=<method-wrapper '__getattribute__' of attributeSetter object at 0x00000221248ADA90>, bitsMode=UNKNOWN, blendMode='avg', bpc=(8, 8, 8), color=array([0, 0, 0]), colorSpace='rgb', depthBits=8, fullscr=True, gamma=None, gammaErrorPolicy='raise', infoMsg=UNKNOWN, lms=UNKNOWN, monitor=<psychopy.monitors.calibTools.Monitor object at 0x0000022124868F10>, multiSample=False, name='window1', numSamples=2, pos=[0.0, 0.0], screen=0, size=array([1920, 1080]), stencilBits=0, stereo=False, title='PsychoPy', units='height', useFBO=True, useRetina=False, viewOri=0.0, viewPos=None, viewScale=None, waitBlanking=True, winType='pyglet')
5.1452 	EXP 	window1: backgroundImage = ''
5.1452 	EXP 	window1: backgroundFit = 'none'
5.2052 	EXP 	window1: Attempting to measure frame rate of screen (0) ...
5.2052 	EXP 	window1: recordFrameIntervals = False
5.4792 	EXP 	window1: recordFrameIntervals = True
5.6627 	EXP 	Screen (0) actual frame rate measured at 59.93Hz
5.6627 	EXP 	window1: recordFrameIntervals = False
7.4754 	INFO 	keyboard.Keyboard is using iohub backend.
7.4755 	INFO 	keyboard.Keyboard is using iohub backend.
7.4755 	INFO 	keyboard.Keyboard is using iohub backend.
7.4755 	INFO 	keyboard.Keyboard is using iohub backend.
7.4755 	EXP 	untitled: status = STARTED
7.5632 	EXP 	Created imageBeforeplay = ImageStim(__class__=<class 'psychopy.visual.image.ImageStim'>, anchor=('center', 'center'), autoLog=True, color=array([1., 1., 1.]), colorSpace='rgb', contrast=1.0, depth=0.0, draggable=False, flipHoriz=False, flipVert=False, image='image/kumnum.png', interpolate=True, mask=None, maskParams=None, name='imageBeforeplay', opacity=1, ori=0.0, pos=array([0., 0.]), size=array([1.78, 1.  ]), texRes=128.0, units='height', win=Window(...))
7.6491 	EXP 	Created imagefixation = ImageStim(__class__=<class 'psychopy.visual.image.ImageStim'>, anchor=('center', 'center'), autoLog=True, color=array([1., 1., 1.]), colorSpace='rgb', contrast=1.0, depth=0.0, draggable=False, flipHoriz=False, flipVert=False, image='image/Screenshot (174).png', interpolate=True, mask=None, maskParams=None, name='imagefixation', opacity=1, ori=0.0, pos=array([0., 0.]), size=array([1.78, 1.  ]), texRes=128.0, units='height', win=Window(...))
7.6548 	EXP 	Created image_2 = ImageStim(__class__=<class 'psychopy.visual.image.ImageStim'>, anchor=('center', 'center'), autoLog=True, color=array([1., 1., 1.]), colorSpace='rgb', contrast=1.0, depth=0.0, draggable=False, flipHoriz=False, flipVert=False, image='default.png', interpolate=True, mask=None, maskParams=None, name='image_2', opacity=1, ori=0.0, pos=array([0., 0.]), size=array([1.78, 1.  ]), texRes=128.0, units='height', win=Window(...))
7.6585 	EXP 	Created imaganswer = ImageStim(__class__=<class 'psychopy.visual.image.ImageStim'>, anchor=('center', 'center'), autoLog=True, color=array([1., 1., 1.]), colorSpace='rgb', contrast=1.0, depth=0.0, draggable=False, flipHoriz=False, flipVert=False, image='default.png', interpolate=True, mask=None, maskParams=None, name='imaganswer', opacity=1, ori=0.0, pos=array([0., 0.]), size=array([1.78, 1.  ]), texRes=128.0, units='height', win=Window(...))
0.0352 	INFO 	Keyboard events cleared
0.0350 	EXP 	imageBeforeplay: autoDraw = True
2.6046 	DATA 	Mouse: Left button down, pos=(1050,541)
2.7045 	DATA 	Mouse:  Left button up, pos=(1049,547)
2.9049 	DATA 	Keypress: escape
2.9713 	EXP 	untitled: status = STOPPED
2.9871 	EXP 	imageBeforeplay: autoDraw = False
2.9871 	EXP 	untitled: status = STOPPED
2.9915 	INFO 	saved data to 'C:\\Users\\pat\\OneDrive\\Desktop\\memory\\data/184668_untitled_2025-05-31_16h12.10.229.csv'
2.9920 	INFO 	saved data to C:\Users\pat\OneDrive\Desktop\memory\data/184668_untitled_2025-05-31_16h12.10.229.psydat
