4.6944 	INFO 	Loaded monitor calibration from ['2025_02_13 22:41']
4.7095 	WARNING 	User requested fullscreen with size [1024  768], but screen is actually [1920, 1080]. Using actual size
4.8312 	EXP 	Created window1 = Window(allowGUI=False, allowStencil=False, autoLog=True, backendConf=UNKNOWN, backgroundFit=<method-wrapper '__getattribute__' of attributeSetter object at 0x000001A2D4D0A8B0>, backgroundImage=<method-wrapper '__getattribute__' of attributeSetter object at 0x000001A2D4D0A850>, bitsMode=UNKNOWN, blendMode='avg', bpc=(8, 8, 8), color=array([0, 0, 0]), colorSpace='rgb', depthBits=8, fullscr=True, gamma=None, gammaErrorPolicy='raise', infoMsg=UNKNOWN, lms=UNKNOWN, monitor=<psychopy.monitors.calibTools.Monitor object at 0x000001A2D5A08D30>, multiSample=False, name='window1', numSamples=2, pos=[0.0, 0.0], screen=0, size=array([1920, 1080]), stencilBits=0, stereo=False, title='PsychoPy', units='height', useFBO=True, useRetina=False, viewOri=0.0, viewPos=None, viewScale=None, waitBlanking=True, winType='pyglet')
4.8313 	EXP 	window1: backgroundImage = ''
4.8313 	EXP 	window1: backgroundFit = 'none'
4.8908 	EXP 	window1: Attempting to measure frame rate of screen (0) ...
4.8908 	EXP 	window1: recordFrameIntervals = False
5.1299 	EXP 	window1: recordFrameIntervals = True
5.3135 	EXP 	Screen (0) actual frame rate measured at 59.95Hz
5.3135 	EXP 	window1: recordFrameIntervals = False
7.0534 	INFO 	keyboard.Keyboard is using iohub backend.
7.0534 	INFO 	keyboard.Keyboard is using iohub backend.
7.0535 	INFO 	keyboard.Keyboard is using iohub backend.
7.0535 	EXP 	untitled: status = STARTED
7.1429 	EXP 	Created imageBeforeplay = ImageStim(__class__=<class 'psychopy.visual.image.ImageStim'>, anchor=('center', 'center'), autoLog=True, color=array([1., 1., 1.]), colorSpace='rgb', contrast=1.0, depth=0.0, draggable=False, flipHoriz=False, flipVert=False, image='image/kumnum.png', interpolate=True, mask=None, maskParams=None, name='imageBeforeplay', opacity=1, ori=0.0, pos=array([0., 0.]), size=array([1.78, 1.  ]), texRes=128.0, units='height', win=Window(...))
7.2280 	EXP 	Created imagefixation = ImageStim(__class__=<class 'psychopy.visual.image.ImageStim'>, anchor=('center', 'center'), autoLog=True, color=array([1., 1., 1.]), colorSpace='rgb', contrast=1.0, depth=0.0, draggable=False, flipHoriz=False, flipVert=False, image='image/Screenshot (174).png', interpolate=True, mask=None, maskParams=None, name='imagefixation', opacity=1, ori=0.0, pos=array([0., 0.]), size=array([1.78, 1.  ]), texRes=128.0, units='height', win=Window(...))
7.2335 	EXP 	Created image_2 = ImageStim(__class__=<class 'psychopy.visual.image.ImageStim'>, anchor=('center', 'center'), autoLog=True, color=array([1., 1., 1.]), colorSpace='rgb', contrast=1.0, depth=0.0, draggable=False, flipHoriz=False, flipVert=False, image='default.png', interpolate=True, mask=None, maskParams=None, name='image_2', opacity=1, ori=0.0, pos=array([0., 0.]), size=array([1.78, 1.  ]), texRes=128.0, units='height', win=Window(...))
7.2377 	EXP 	Created imaganswer = ImageStim(__class__=<class 'psychopy.visual.image.ImageStim'>, anchor=('center', 'center'), autoLog=True, color=array([1., 1., 1.]), colorSpace='rgb', contrast=1.0, depth=0.0, draggable=False, flipHoriz=False, flipVert=False, image='default.png', interpolate=True, mask=None, maskParams=None, name='imaganswer', opacity=1, ori=0.0, pos=array([0., 0.]), size=array([1.78, 1.  ]), texRes=128.0, units='height', win=Window(...))
0.0237 	INFO 	Keyboard events cleared
0.0235 	EXP 	imageBeforeplay: autoDraw = True
0.5982 	EXP 	Imported memory_stim.xlsx as conditions, 30 conditions, 3 params
0.5985 	EXP 	New trial (rep=0, index=0): <Trial 0 (0 in rep 0) data={'Memory_image': 'image/memory1.png', 'answer_key': 3, 'answer_image': 'image/memory1a.png', 'thisN': 0, 'thisTrialN': 0, 'thisRepN': 0}>
0.5995 	DATA 	Keypress: space
0.6075 	EXP 	imageBeforeplay: autoDraw = False
0.6075 	EXP 	imagefixation: autoDraw = True
1.1904 	EXP 	imagefixation: autoDraw = False
1.1904 	EXP 	imagefixation: autoDraw = False
1.1904 	EXP 	image_2: image = 'image/memory1.png'
1.1904 	EXP 	image_2: autoDraw = True
4.2106 	INFO 	Keyboard events cleared
4.2104 	EXP 	image_2: autoDraw = False
4.2104 	EXP 	imaganswer: image = 'image/memory1a.png'
4.2104 	EXP 	imaganswer: autoDraw = True
5.0433 	EXP 	New trial (rep=0, index=1): <Trial 1 (1 in rep 0) data={'Memory_image': 'image/memory2.png', 'answer_key': 4, 'answer_image': 'image/memory2a.png', 'thisN': 1, 'thisTrialN': 1, 'thisRepN': 0}>
5.0438 	DATA 	Keypress: 1
5.0592 	EXP 	imaganswer: autoDraw = False
5.0592 	EXP 	imagefixation: autoDraw = True
5.5969 	EXP 	imagefixation: autoDraw = False
5.5969 	EXP 	imagefixation: autoDraw = False
5.5969 	EXP 	image_2: image = 'image/memory2.png'
5.5969 	EXP 	image_2: autoDraw = True
8.6044 	INFO 	Keyboard events cleared
8.6042 	EXP 	image_2: autoDraw = False
8.6042 	EXP 	imaganswer: image = 'image/memory2a.png'
8.6042 	EXP 	imaganswer: autoDraw = True
9.3222 	EXP 	New trial (rep=0, index=2): <Trial 2 (2 in rep 0) data={'Memory_image': 'image/memory3.png', 'answer_key': 4, 'answer_image': 'image/memory3a.png', 'thisN': 2, 'thisTrialN': 2, 'thisRepN': 0}>
9.3226 	DATA 	Keypress: 1
9.3382 	EXP 	imaganswer: autoDraw = False
9.3382 	EXP 	imagefixation: autoDraw = True
9.8762 	EXP 	imagefixation: autoDraw = False
9.8762 	EXP 	imagefixation: autoDraw = False
9.8762 	EXP 	image_2: image = 'image/memory3.png'
9.8762 	EXP 	image_2: autoDraw = True
10.1103 	DATA 	Keypress: escape
10.1768 	EXP 	untitled: status = STOPPED
10.1931 	EXP 	image_2: autoDraw = False
10.1931 	EXP 	untitled: status = STOPPED
10.1978 	INFO 	saved data to 'C:\\psychopywork\\memory\\data/353122_untitled_2025-05-08_21h31.52.790.csv'
10.1982 	INFO 	saved data to C:\psychopywork\memory\data/353122_untitled_2025-05-08_21h31.52.790.psydat
