4.4446 	INFO 	Loaded monitor calibration from ['2025_02_13 22:41']
4.4598 	WARNING 	User requested fullscreen with size [1024  768], but screen is actually [1920, 1080]. Using actual size
4.5808 	EXP 	Created window1 = Window(allowGUI=False, allowStencil=False, autoLog=True, backendConf=UNKNOWN, backgroundFit=<method-wrapper '__getattribute__' of attributeSetter object at 0x000001DD63A289A0>, backgroundImage=<method-wrapper '__getattribute__' of attributeSetter object at 0x000001DD63A28940>, bitsMode=UNKNOWN, blendMode='avg', bpc=(8, 8, 8), color=array([0, 0, 0]), colorSpace='rgb', depthBits=8, fullscr=True, gamma=None, gammaErrorPolicy='raise', infoMsg=UNKNOWN, lms=UNKNOWN, monitor=<psychopy.monitors.calibTools.Monitor object at 0x000001DD63A6ADC0>, multiSample=False, name='window1', numSamples=2, pos=[0.0, 0.0], screen=0, size=array([1920, 1080]), stencilBits=0, stereo=False, title='PsychoPy', units='height', useFBO=True, useRetina=False, viewOri=0.0, viewPos=None, viewScale=None, waitBlanking=True, winType='pyglet')
4.5809 	EXP 	window1: backgroundImage = ''
4.5809 	EXP 	window1: backgroundFit = 'none'
4.6396 	EXP 	window1: Attempting to measure frame rate of screen (0) ...
4.6396 	EXP 	window1: recordFrameIntervals = False
4.8807 	EXP 	window1: recordFrameIntervals = True
5.0643 	EXP 	Screen (0) actual frame rate measured at 59.96Hz
5.0644 	EXP 	window1: recordFrameIntervals = False
6.7756 	INFO 	keyboard.Keyboard is using iohub backend.
6.7756 	INFO 	keyboard.Keyboard is using iohub backend.
6.7757 	EXP 	untitled: status = STARTED
6.8622 	EXP 	Created imageBeforeplay = ImageStim(__class__=<class 'psychopy.visual.image.ImageStim'>, anchor=('center', 'center'), autoLog=True, color=array([1., 1., 1.]), colorSpace='rgb', contrast=1.0, depth=0.0, draggable=False, flipHoriz=False, flipVert=False, image='image/kumnum.png', interpolate=True, mask=None, maskParams=None, name='imageBeforeplay', opacity=1, ori=0.0, pos=array([0., 0.]), size=array([1.78, 1.  ]), texRes=128.0, units='height', win=Window(...))
6.9452 	EXP 	Created image = ImageStim(__class__=<class 'psychopy.visual.image.ImageStim'>, anchor=('center', 'center'), autoLog=True, color=array([1., 1., 1.]), colorSpace='rgb', contrast=1.0, depth=0.0, draggable=False, flipHoriz=False, flipVert=False, image='image/Screenshot (174).png', interpolate=True, mask=None, maskParams=None, name='image', opacity=1, ori=0.0, pos=array([0., 0.]), size=array([1.78, 1.  ]), texRes=128.0, units='height', win=Window(...))
6.9507 	EXP 	Created image_2 = ImageStim(__class__=<class 'psychopy.visual.image.ImageStim'>, anchor=('center', 'center'), autoLog=True, color=array([1., 1., 1.]), colorSpace='rgb', contrast=1.0, depth=0.0, draggable=False, flipHoriz=False, flipVert=False, image='default.png', interpolate=True, mask=None, maskParams=None, name='image_2', opacity=1, ori=0.0, pos=array([0., 0.]), size=array([1.78, 1.  ]), texRes=128.0, units='height', win=Window(...))
0.0206 	INFO 	Keyboard events cleared
0.0204 	EXP 	imageBeforeplay: autoDraw = True
1.4783 	EXP 	Imported memory_stim.xlsx as conditions, 42 conditions, 1 params
1.4787 	EXP 	New trial (rep=0, index=0): <Trial 0 (0 in rep 0) data={'Memory_image': 'image/memory1.png', 'thisN': 0, 'thisTrialN': 0, 'thisRepN': 0}>
1.4796 	DATA 	Keypress: space
1.4885 	EXP 	imageBeforeplay: autoDraw = False
1.4885 	EXP 	image: autoDraw = True
2.0525 	EXP 	image: autoDraw = False
2.0525 	EXP 	image: autoDraw = False
2.0525 	EXP 	image_2: image = 'image/memory1.png'
2.0525 	EXP 	image_2: autoDraw = True
6.9903 	EXP 	New trial (rep=0, index=1): <Trial 1 (1 in rep 0) data={'Memory_image': 'image/memory1a.png', 'thisN': 1, 'thisTrialN': 1, 'thisRepN': 0}>
7.0069 	EXP 	image_2: autoDraw = False
7.0069 	EXP 	image: autoDraw = True
7.5112 	EXP 	image: autoDraw = False
7.5112 	EXP 	image_2: image = 'image/memory1a.png'
7.5112 	EXP 	image_2: autoDraw = True
12.4824 	EXP 	New trial (rep=0, index=2): <Trial 2 (2 in rep 0) data={'Memory_image': 'image/memory2.png', 'thisN': 2, 'thisTrialN': 2, 'thisRepN': 0}>
12.4990 	EXP 	image_2: autoDraw = False
12.4990 	EXP 	image: autoDraw = True
13.0199 	EXP 	image: autoDraw = False
13.0199 	EXP 	image_2: image = 'image/memory2.png'
13.0199 	EXP 	image_2: autoDraw = True
17.9747 	EXP 	New trial (rep=0, index=3): <Trial 3 (3 in rep 0) data={'Memory_image': 'image/memory2a.png', 'thisN': 3, 'thisTrialN': 3, 'thisRepN': 0}>
17.9915 	EXP 	image_2: autoDraw = False
17.9915 	EXP 	image: autoDraw = True
18.5287 	EXP 	image: autoDraw = False
18.5287 	EXP 	image_2: image = 'image/memory2a.png'
18.5287 	EXP 	image_2: autoDraw = True
23.4797 	EXP 	New trial (rep=0, index=4): <Trial 4 (4 in rep 0) data={'Memory_image': 'image/memory3.png', 'thisN': 4, 'thisTrialN': 4, 'thisRepN': 0}>
23.4962 	EXP 	image_2: autoDraw = False
23.4962 	EXP 	image: autoDraw = True
24.0090 	EXP 	image: autoDraw = False
24.0090 	EXP 	image_2: image = 'image/memory3.png'
24.0090 	EXP 	image_2: autoDraw = True
28.9802 	EXP 	New trial (rep=0, index=5): <Trial 5 (5 in rep 0) data={'Memory_image': 'image/memory3a.png', 'thisN': 5, 'thisTrialN': 5, 'thisRepN': 0}>
28.9968 	EXP 	image_2: autoDraw = False
28.9968 	EXP 	image: autoDraw = True
29.5161 	EXP 	image: autoDraw = False
29.5161 	EXP 	image_2: image = 'image/memory3a.png'
29.5161 	EXP 	image_2: autoDraw = True
34.4804 	EXP 	New trial (rep=0, index=6): <Trial 6 (6 in rep 0) data={'Memory_image': 'image/memory4.png', 'thisN': 6, 'thisTrialN': 6, 'thisRepN': 0}>
34.4966 	EXP 	image_2: autoDraw = False
34.4966 	EXP 	image: autoDraw = True
35.0101 	EXP 	image: autoDraw = False
35.0101 	EXP 	image_2: image = 'image/memory4.png'
35.0101 	EXP 	image_2: autoDraw = True
35.3345 	DATA 	Mouse: Left button down, pos=(674,546)
35.4510 	DATA 	Mouse:  Left button up, pos=(674,546)
36.0363 	DATA 	Mouse: Left button down, pos=(908,670)
36.1197 	DATA 	Mouse:  Left button up, pos=(908,670)
36.1365 	DATA 	Keypress: escape
36.2028 	EXP 	untitled: status = STOPPED
36.2192 	EXP 	image_2: autoDraw = False
36.2192 	EXP 	untitled: status = STOPPED
36.2239 	INFO 	saved data to 'C:\\psychopywork\\memory\\data/477528_untitled_2025-05-07_15h32.50.807.csv'
36.2245 	INFO 	saved data to C:\psychopywork\memory\data/477528_untitled_2025-05-07_15h32.50.807.psydat
