11.1275 	INFO 	Loaded monitor calibration from ['2025_02_13 22:41']
11.1433 	WARNING 	User requested fullscreen with size [1024  768], but screen is actually [1920, 1080]. Using actual size
11.2660 	EXP 	Created window1 = Window(allowGUI=False, allowStencil=False, autoLog=True, backendConf=UNKNOWN, backgroundFit=<method-wrapper '__getattribute__' of attributeSetter object at 0x000001E09D8C89A0>, backgroundImage=<method-wrapper '__getattribute__' of attributeSetter object at 0x000001E09D8C8940>, bitsMode=UNKNOWN, blendMode='avg', bpc=(8, 8, 8), color=array([0, 0, 0]), colorSpace='rgb', depthBits=8, fullscr=True, gamma=None, gammaErrorPolicy='raise', infoMsg=UNKNOWN, lms=UNKNOWN, monitor=<psychopy.monitors.calibTools.Monitor object at 0x000001E09D90ADC0>, multiSample=False, name='window1', numSamples=2, pos=[0.0, 0.0], screen=0, size=array([1920, 1080]), stencilBits=0, stereo=False, title='PsychoPy', units='height', useFBO=True, useRetina=False, viewOri=0.0, viewPos=None, viewScale=None, waitBlanking=True, winType='pyglet')
11.2661 	EXP 	window1: backgroundImage = ''
11.2661 	EXP 	window1: backgroundFit = 'none'
11.3294 	EXP 	window1: Attempting to measure frame rate of screen (0) ...
11.3294 	EXP 	window1: recordFrameIntervals = False
11.6219 	EXP 	window1: recordFrameIntervals = True
11.8054 	EXP 	Screen (0) actual frame rate measured at 59.94Hz
11.8055 	EXP 	window1: recordFrameIntervals = False
13.5095 	INFO 	keyboard.Keyboard is using iohub backend.
13.5096 	INFO 	keyboard.Keyboard is using iohub backend.
13.5096 	EXP 	untitled: status = STARTED
13.5937 	EXP 	Created imageBeforeplay = ImageStim(__class__=<class 'psychopy.visual.image.ImageStim'>, anchor=('center', 'center'), autoLog=True, color=array([1., 1., 1.]), colorSpace='rgb', contrast=1.0, depth=0.0, draggable=False, flipHoriz=False, flipVert=False, image='image/kumnum.png', interpolate=True, mask=None, maskParams=None, name='imageBeforeplay', opacity=1, ori=0.0, pos=array([0., 0.]), size=array([1.78, 1.  ]), texRes=128.0, units='height', win=Window(...))
13.5974 	EXP 	Created image_2 = ImageStim(__class__=<class 'psychopy.visual.image.ImageStim'>, anchor=('center', 'center'), autoLog=True, color=array([1., 1., 1.]), colorSpace='rgb', contrast=1.0, depth=0.0, draggable=False, flipHoriz=False, flipVert=False, image='default.png', interpolate=True, mask=None, maskParams=None, name='image_2', opacity=1, ori=0.0, pos=array([0., 0.]), size=array([1.78, 1.  ]), texRes=128.0, units='height', win=Window(...))
13.6761 	EXP 	Created image = ImageStim(__class__=<class 'psychopy.visual.image.ImageStim'>, anchor=('center', 'center'), autoLog=True, color=array([1., 1., 1.]), colorSpace='rgb', contrast=1.0, depth=0.0, draggable=False, flipHoriz=False, flipVert=False, image='image/Screenshot (174).png', interpolate=True, mask=None, maskParams=None, name='image', opacity=1, ori=0.0, pos=array([0., 0.]), size=array([0.5, 0.5]), texRes=128.0, units='height', win=Window(...))
0.0186 	INFO 	Keyboard events cleared
0.0184 	EXP 	imageBeforeplay: autoDraw = True
0.8260 	EXP 	Imported memory_stim.xlsx as conditions, 42 conditions, 1 params
0.8264 	EXP 	New trial (rep=0, index=0): <Trial 0 (0 in rep 0) data={'Memory_image': 'image/memory8.png', 'thisN': 0, 'thisTrialN': 0, 'thisRepN': 0}>
0.9060 	DATA 	Keypress: space
0.9189 	EXP 	imageBeforeplay: autoDraw = False
0.9189 	EXP 	image_2: image = 'image/memory8.png'
0.9189 	EXP 	image_2: autoDraw = True
5.8396 	EXP 	image_2: autoDraw = False
5.8396 	EXP 	image: autoDraw = True
6.3235 	EXP 	New trial (rep=0, index=1): <Trial 1 (1 in rep 0) data={'Memory_image': 'image/memory4a.png', 'thisN': 1, 'thisTrialN': 1, 'thisRepN': 0}>
6.3605 	EXP 	image: autoDraw = False
6.3605 	EXP 	image_2: image = 'image/memory4a.png'
6.3605 	EXP 	image_2: autoDraw = True
11.3484 	EXP 	image_2: autoDraw = False
11.3484 	EXP 	image: autoDraw = True
11.8322 	EXP 	New trial (rep=0, index=2): <Trial 2 (2 in rep 0) data={'Memory_image': 'image/memory4.png', 'thisN': 2, 'thisTrialN': 2, 'thisRepN': 0}>
11.8860 	EXP 	image: autoDraw = False
11.8860 	EXP 	image_2: image = 'image/memory4.png'
11.8860 	EXP 	image_2: autoDraw = True
16.8404 	EXP 	image_2: autoDraw = False
16.8404 	EXP 	image: autoDraw = True
17.3242 	EXP 	New trial (rep=0, index=3): <Trial 3 (3 in rep 0) data={'Memory_image': 'image/memory9.png', 'thisN': 3, 'thisTrialN': 3, 'thisRepN': 0}>
17.3612 	EXP 	image: autoDraw = False
17.3612 	EXP 	image_2: image = 'image/memory9.png'
17.3612 	EXP 	image_2: autoDraw = True
19.2470 	DATA 	Keypress: escape
19.3470 	EXP 	untitled: status = STOPPED
19.3633 	EXP 	image_2: autoDraw = False
19.3633 	EXP 	untitled: status = STOPPED
19.3678 	INFO 	saved data to 'C:\\psychopywork\\memory\\data/877013_untitled_2025-05-07_15h31.12.967.csv'
19.3683 	INFO 	saved data to C:\psychopywork\memory\data/877013_untitled_2025-05-07_15h31.12.967.psydat
